2019-06-05 19:19:39.265  INFO 19496 --- [main] at.hangman.hangman.HangmanApplication    : Starting HangmanApplication on LAPTOP-6GP041UI with PID 19496 (started by luweh in D:\FH Joanneum\IV. Semester\Dsitributed Internet Applications\HangmanTest\Hangman)
2019-06-05 19:19:39.281 DEBUG 19496 --- [main] at.hangman.hangman.HangmanApplication    : Running with Spring Boot v2.1.5.RELEASE, Spring v5.1.7.RELEASE
2019-06-05 19:19:39.281  INFO 19496 --- [main] at.hangman.hangman.HangmanApplication    : No active profile set, falling back to default profiles: default
2019-06-05 19:19:39.831  INFO 19496 --- [main] o.s.b.w.embedded.tomcat.TomcatWebServer  : Tomcat initialized with port(s): 8080 (http)
2019-06-05 19:19:39.847  INFO 19496 --- [main] o.apache.catalina.core.StandardService   : Starting service [Tomcat]
2019-06-05 19:19:39.847  INFO 19496 --- [main] org.apache.catalina.core.StandardEngine  : Starting Servlet engine: [Apache Tomcat/9.0.19]
2019-06-05 19:19:39.909  INFO 19496 --- [main] o.a.c.c.C.[Tomcat].[localhost].[/]       : Initializing Spring embedded WebApplicationContext
2019-06-05 19:19:39.972  INFO 19496 --- [main] o.s.s.concurrent.ThreadPoolTaskExecutor  : Initializing ExecutorService 'clientInboundChannelExecutor'
2019-06-05 19:19:39.972  INFO 19496 --- [main] o.s.s.concurrent.ThreadPoolTaskExecutor  : Initializing ExecutorService 'clientOutboundChannelExecutor'
2019-06-05 19:19:39.987  INFO 19496 --- [main] o.s.s.c.ThreadPoolTaskScheduler          : Initializing ExecutorService 'messageBrokerTaskScheduler'
2019-06-05 19:19:40.003  INFO 19496 --- [main] o.s.s.concurrent.ThreadPoolTaskExecutor  : Initializing ExecutorService 'brokerChannelExecutor'
2019-06-05 19:19:40.128  INFO 19496 --- [main] o.s.b.a.w.s.WelcomePageHandlerMapping    : Adding welcome page: class path resource [static/index.html]
2019-06-05 19:19:40.159  INFO 19496 --- [main] o.s.m.s.b.SimpleBrokerMessageHandler     : Starting...
2019-06-05 19:19:40.159  INFO 19496 --- [main] o.s.m.s.b.SimpleBrokerMessageHandler     : BrokerAvailabilityEvent[available=true, SimpleBrokerMessageHandler [DefaultSubscriptionRegistry[cache[0 destination(s)], registry[0 sessions]]]]
2019-06-05 19:19:40.159  INFO 19496 --- [main] o.s.m.s.b.SimpleBrokerMessageHandler     : Started.
2019-06-05 19:19:40.190  INFO 19496 --- [main] o.s.b.w.embedded.tomcat.TomcatWebServer  : Tomcat started on port(s): 8080 (http) with context path ''
2019-06-05 19:19:40.190  INFO 19496 --- [main] at.hangman.hangman.HangmanApplication    : Started HangmanApplication in 1.128 seconds (JVM running for 1.759)
2019-06-05 19:19:43.614  INFO 19496 --- [http-nio-8080-exec-1] o.a.c.c.C.[Tomcat].[localhost].[/]       : Initializing Spring DispatcherServlet 'dispatcherServlet'
2019-06-05 19:19:45.088  INFO 19496 --- [clientOutboundChannel-1] a.h.hangman.WebSocketEventListener       : Received a new web socket connection
2019-06-05 19:19:50.635  INFO 19496 --- [clientOutboundChannel-2] a.h.hangman.WebSocketEventListener       : Received a new web socket connection
2019-06-05 19:20:41.326  INFO 4312 --- [main] at.hangman.hangman.HangmanApplication    : Starting HangmanApplication on LAPTOP-6GP041UI with PID 4312 (started by luweh in D:\FH Joanneum\IV. Semester\Dsitributed Internet Applications\HangmanTest\Hangman)
2019-06-05 19:20:41.326 DEBUG 4312 --- [main] at.hangman.hangman.HangmanApplication    : Running with Spring Boot v2.1.5.RELEASE, Spring v5.1.7.RELEASE
2019-06-05 19:20:41.326  INFO 4312 --- [main] at.hangman.hangman.HangmanApplication    : No active profile set, falling back to default profiles: default
2019-06-05 19:20:41.892  INFO 4312 --- [main] o.s.b.w.embedded.tomcat.TomcatWebServer  : Tomcat initialized with port(s): 8080 (http)
2019-06-05 19:20:41.908  INFO 4312 --- [main] o.apache.catalina.core.StandardService   : Starting service [Tomcat]
2019-06-05 19:20:41.908  INFO 4312 --- [main] org.apache.catalina.core.StandardEngine  : Starting Servlet engine: [Apache Tomcat/9.0.19]
2019-06-05 19:20:41.970  INFO 4312 --- [main] o.a.c.c.C.[Tomcat].[localhost].[/]       : Initializing Spring embedded WebApplicationContext
2019-06-05 19:20:42.033  INFO 4312 --- [main] o.s.s.concurrent.ThreadPoolTaskExecutor  : Initializing ExecutorService 'clientInboundChannelExecutor'
2019-06-05 19:20:42.033  INFO 4312 --- [main] o.s.s.concurrent.ThreadPoolTaskExecutor  : Initializing ExecutorService 'clientOutboundChannelExecutor'
2019-06-05 19:20:42.048  INFO 4312 --- [main] o.s.s.c.ThreadPoolTaskScheduler          : Initializing ExecutorService 'messageBrokerTaskScheduler'
2019-06-05 19:20:42.064  INFO 4312 --- [main] o.s.s.concurrent.ThreadPoolTaskExecutor  : Initializing ExecutorService 'brokerChannelExecutor'
2019-06-05 19:20:42.173  INFO 4312 --- [main] o.s.b.a.w.s.WelcomePageHandlerMapping    : Adding welcome page: class path resource [static/index.html]
2019-06-05 19:20:42.220  INFO 4312 --- [main] o.s.m.s.b.SimpleBrokerMessageHandler     : Starting...
2019-06-05 19:20:42.220  INFO 4312 --- [main] o.s.m.s.b.SimpleBrokerMessageHandler     : BrokerAvailabilityEvent[available=true, SimpleBrokerMessageHandler [DefaultSubscriptionRegistry[cache[0 destination(s)], registry[0 sessions]]]]
2019-06-05 19:20:42.220  INFO 4312 --- [main] o.s.m.s.b.SimpleBrokerMessageHandler     : Started.
2019-06-05 19:20:42.236  INFO 4312 --- [main] o.s.b.w.embedded.tomcat.TomcatWebServer  : Tomcat started on port(s): 8080 (http) with context path ''
2019-06-05 19:20:42.236  INFO 4312 --- [main] at.hangman.hangman.HangmanApplication    : Started HangmanApplication in 1.128 seconds (JVM running for 1.709)
2019-06-05 19:20:46.410  INFO 4312 --- [http-nio-8080-exec-1] o.a.c.c.C.[Tomcat].[localhost].[/]       : Initializing Spring DispatcherServlet 'dispatcherServlet'
2019-06-05 19:20:56.052  INFO 4312 --- [clientOutboundChannel-1] a.h.hangman.WebSocketEventListener       : Received a new web socket connection
2019-06-05 19:20:56.088 DEBUG 4312 --- [clientInboundChannel-7] at.hangman.hangman.HangmanController     : Request word information about 'word' from URI 'https://api.datamuse.com/words?sp=word&md=p&v=enwiki'
2019-06-05 19:20:57.013 DEBUG 4312 --- [clientInboundChannel-7] at.hangman.hangman.HangmanController     : Parsing JSON '[{"word":"microsoft word","score":3006,"tags":["prop"]},{"word":"inherently funny word","score":2456},{"word":"the l word","score":349,"tags":["prop"]},{"word":"word","score":216,"tags":["n"]},{"word":"japanese counter word","score":191,"tags":["prop"]},{"word":"procedure word","score":182},{"word":"spoken word","score":177,"tags":["n"]},{"word":"nonce word","score":141,"tags":["n"]},{"word":"time and a word","score":132},{"word":"weasel word","score":127,"tags":["n"]},{"word":"very long instruction word","score":113},{"word":"history of microsoft word","score":104},{"word":"university of the incarnate word","score":104},{"word":"magic word","score":103},{"word":"function word","score":101,"tags":["n"]},{"word":"interrogative word","score":101},{"word":"f word","score":23},{"word":"the word","score":11,"tags":["prop"]},{"word":"one word","score":10},{"word":"b word","score":8},{"word":"l word","score":8},{"word":"ms word","score":6},{"word":"\"n\" word","score":5},{"word":"ez word","score":5},{"word":"n word","score":4},{"word":"d word","score":2},{"word":"w word","score":2},{"word":"abi word","score":1,"tags":["prop"]},{"word":"key word","score":1,"tags":["n"]},{"word":"o word","score":1,"tags":["prop"]},{"word":"t word","score":1},{"word":"u word","score":1}]' to Object
2019-06-05 19:20:57.018  INFO 4312 --- [clientInboundChannel-7] at.hangman.hangman.HangmanController     : Player joined the game and opened a new room
2019-06-05 19:20:57.024 DEBUG 4312 --- [clientInboundChannel-7] at.hangman.hangman.HangmanController     : Currently 1 Room(s) with totally 1 Player(s)
2019-06-05 19:21:01.216  INFO 4312 --- [clientOutboundChannel-3] a.h.hangman.WebSocketEventListener       : Received a new web socket connection
2019-06-05 19:21:01.221 DEBUG 4312 --- [clientInboundChannel-16] at.hangman.hangman.HangmanController     : Request word information about 'word' from URI 'https://api.datamuse.com/words?sp=word&md=p&v=enwiki'
2019-06-05 19:21:01.374 DEBUG 4312 --- [clientInboundChannel-16] at.hangman.hangman.HangmanController     : Parsing JSON '[{"word":"microsoft word","score":3006,"tags":["prop"]},{"word":"inherently funny word","score":2456},{"word":"the l word","score":349,"tags":["prop"]},{"word":"word","score":216,"tags":["n"]},{"word":"japanese counter word","score":191,"tags":["prop"]},{"word":"procedure word","score":182},{"word":"spoken word","score":177,"tags":["n"]},{"word":"nonce word","score":141,"tags":["n"]},{"word":"time and a word","score":132},{"word":"weasel word","score":127,"tags":["n"]},{"word":"very long instruction word","score":113},{"word":"history of microsoft word","score":104},{"word":"university of the incarnate word","score":104},{"word":"magic word","score":103},{"word":"function word","score":101,"tags":["n"]},{"word":"interrogative word","score":101},{"word":"f word","score":23},{"word":"the word","score":11,"tags":["prop"]},{"word":"one word","score":10},{"word":"b word","score":8},{"word":"l word","score":8},{"word":"ms word","score":6},{"word":"\"n\" word","score":5},{"word":"ez word","score":5},{"word":"n word","score":4},{"word":"d word","score":2},{"word":"w word","score":2},{"word":"abi word","score":1,"tags":["prop"]},{"word":"key word","score":1,"tags":["n"]},{"word":"o word","score":1,"tags":["prop"]},{"word":"t word","score":1},{"word":"u word","score":1}]' to Object
2019-06-05 19:21:01.377  INFO 4312 --- [clientInboundChannel-16] at.hangman.hangman.HangmanController     : Player2 joined the game and was added to the room from Player
2019-06-05 19:21:01.377 DEBUG 4312 --- [clientInboundChannel-16] at.hangman.hangman.HangmanController     : Currently 1 Room(s) with totally 2 Player(s)
2019-06-05 19:25:28.546  INFO 12732 --- [main] at.hangman.hangman.HangmanApplication    : Starting HangmanApplication on LAPTOP-6GP041UI with PID 12732 (started by luweh in D:\FH Joanneum\IV. Semester\Dsitributed Internet Applications\HangmanTest\Hangman)
2019-06-05 19:25:28.547 DEBUG 12732 --- [main] at.hangman.hangman.HangmanApplication    : Running with Spring Boot v2.1.5.RELEASE, Spring v5.1.7.RELEASE
2019-06-05 19:25:28.548  INFO 12732 --- [main] at.hangman.hangman.HangmanApplication    : No active profile set, falling back to default profiles: default
2019-06-05 19:25:29.111  INFO 12732 --- [main] o.s.b.w.embedded.tomcat.TomcatWebServer  : Tomcat initialized with port(s): 8080 (http)
2019-06-05 19:25:29.126  INFO 12732 --- [main] o.apache.catalina.core.StandardService   : Starting service [Tomcat]
2019-06-05 19:25:29.126  INFO 12732 --- [main] org.apache.catalina.core.StandardEngine  : Starting Servlet engine: [Apache Tomcat/9.0.19]
2019-06-05 19:25:29.189  INFO 12732 --- [main] o.a.c.c.C.[Tomcat].[localhost].[/]       : Initializing Spring embedded WebApplicationContext
2019-06-05 19:25:29.251  INFO 12732 --- [main] o.s.s.concurrent.ThreadPoolTaskExecutor  : Initializing ExecutorService 'clientInboundChannelExecutor'
2019-06-05 19:25:29.251  INFO 12732 --- [main] o.s.s.concurrent.ThreadPoolTaskExecutor  : Initializing ExecutorService 'clientOutboundChannelExecutor'
2019-06-05 19:25:29.251  INFO 12732 --- [main] o.s.s.c.ThreadPoolTaskScheduler          : Initializing ExecutorService 'messageBrokerTaskScheduler'
2019-06-05 19:25:29.283  INFO 12732 --- [main] o.s.s.concurrent.ThreadPoolTaskExecutor  : Initializing ExecutorService 'brokerChannelExecutor'
2019-06-05 19:25:29.392  INFO 12732 --- [main] o.s.b.a.w.s.WelcomePageHandlerMapping    : Adding welcome page: class path resource [static/index.html]
2019-06-05 19:25:29.439  INFO 12732 --- [main] o.s.m.s.b.SimpleBrokerMessageHandler     : Starting...
2019-06-05 19:25:29.439  INFO 12732 --- [main] o.s.m.s.b.SimpleBrokerMessageHandler     : BrokerAvailabilityEvent[available=true, SimpleBrokerMessageHandler [DefaultSubscriptionRegistry[cache[0 destination(s)], registry[0 sessions]]]]
2019-06-05 19:25:29.439  INFO 12732 --- [main] o.s.m.s.b.SimpleBrokerMessageHandler     : Started.
2019-06-05 19:25:29.439 ERROR 12732 --- [main] org.apache.catalina.util.LifecycleBase   : Failed to start component [Connector[HTTP/1.1-8080]]

org.apache.catalina.LifecycleException: Protocol handler start failed
	at org.apache.catalina.connector.Connector.startInternal(Connector.java:1008) ~[tomcat-embed-core-9.0.19.jar:9.0.19]
	at org.apache.catalina.util.LifecycleBase.start(LifecycleBase.java:183) ~[tomcat-embed-core-9.0.19.jar:9.0.19]
	at org.apache.catalina.core.StandardService.addConnector(StandardService.java:226) ~[tomcat-embed-core-9.0.19.jar:9.0.19]
	at org.springframework.boot.web.embedded.tomcat.TomcatWebServer.addPreviouslyRemovedConnectors(TomcatWebServer.java:259) ~[spring-boot-2.1.5.RELEASE.jar:2.1.5.RELEASE]
	at org.springframework.boot.web.embedded.tomcat.TomcatWebServer.start(TomcatWebServer.java:197) ~[spring-boot-2.1.5.RELEASE.jar:2.1.5.RELEASE]
	at org.springframework.boot.web.servlet.context.ServletWebServerApplicationContext.startWebServer(ServletWebServerApplicationContext.java:311) ~[spring-boot-2.1.5.RELEASE.jar:2.1.5.RELEASE]
	at org.springframework.boot.web.servlet.context.ServletWebServerApplicationContext.finishRefresh(ServletWebServerApplicationContext.java:164) ~[spring-boot-2.1.5.RELEASE.jar:2.1.5.RELEASE]
	at org.springframework.context.support.AbstractApplicationContext.refresh(AbstractApplicationContext.java:552) ~[spring-context-5.1.7.RELEASE.jar:5.1.7.RELEASE]
	at org.springframework.boot.web.servlet.context.ServletWebServerApplicationContext.refresh(ServletWebServerApplicationContext.java:142) ~[spring-boot-2.1.5.RELEASE.jar:2.1.5.RELEASE]
	at org.springframework.boot.SpringApplication.refresh(SpringApplication.java:775) ~[spring-boot-2.1.5.RELEASE.jar:2.1.5.RELEASE]
	at org.springframework.boot.SpringApplication.refreshContext(SpringApplication.java:397) ~[spring-boot-2.1.5.RELEASE.jar:2.1.5.RELEASE]
	at org.springframework.boot.SpringApplication.run(SpringApplication.java:316) ~[spring-boot-2.1.5.RELEASE.jar:2.1.5.RELEASE]
	at org.springframework.boot.SpringApplication.run(SpringApplication.java:1260) ~[spring-boot-2.1.5.RELEASE.jar:2.1.5.RELEASE]
	at org.springframework.boot.SpringApplication.run(SpringApplication.java:1248) ~[spring-boot-2.1.5.RELEASE.jar:2.1.5.RELEASE]
	at at.hangman.hangman.HangmanApplication.main(HangmanApplication.java:9) ~[classes/:na]
Caused by: java.net.BindException: Address already in use: bind
	at java.base/sun.nio.ch.Net.bind0(Native Method) ~[na:na]
	at java.base/sun.nio.ch.Net.bind(Net.java:461) ~[na:na]
	at java.base/sun.nio.ch.Net.bind(Net.java:453) ~[na:na]
	at java.base/sun.nio.ch.ServerSocketChannelImpl.bind(ServerSocketChannelImpl.java:227) ~[na:na]
	at java.base/sun.nio.ch.ServerSocketAdaptor.bind(ServerSocketAdaptor.java:80) ~[na:na]
	at org.apache.tomcat.util.net.NioEndpoint.initServerSocket(NioEndpoint.java:239) ~[tomcat-embed-core-9.0.19.jar:9.0.19]
	at org.apache.tomcat.util.net.NioEndpoint.bind(NioEndpoint.java:213) ~[tomcat-embed-core-9.0.19.jar:9.0.19]
	at org.apache.tomcat.util.net.AbstractEndpoint.bindWithCleanup(AbstractEndpoint.java:1116) ~[tomcat-embed-core-9.0.19.jar:9.0.19]
	at org.apache.tomcat.util.net.AbstractEndpoint.start(AbstractEndpoint.java:1202) ~[tomcat-embed-core-9.0.19.jar:9.0.19]
	at org.apache.coyote.AbstractProtocol.start(AbstractProtocol.java:568) ~[tomcat-embed-core-9.0.19.jar:9.0.19]
	at org.apache.catalina.connector.Connector.startInternal(Connector.java:1005) ~[tomcat-embed-core-9.0.19.jar:9.0.19]
	... 14 common frames omitted

2019-06-05 19:25:29.456  INFO 12732 --- [main] o.apache.catalina.core.StandardService   : Stopping service [Tomcat]
2019-06-05 19:25:29.462  INFO 12732 --- [main] ConditionEvaluationReportLoggingListener : 

Error starting ApplicationContext. To display the conditions report re-run your application with 'debug' enabled.
2019-06-05 19:25:29.464 ERROR 12732 --- [main] o.s.b.d.LoggingFailureAnalysisReporter   : 

***************************
APPLICATION FAILED TO START
***************************

Description:

The Tomcat connector configured to listen on port 8080 failed to start. The port may already be in use or the connector may be misconfigured.

Action:

Verify the connector's configuration, identify and stop any process that's listening on port 8080, or configure this application to listen on another port.

2019-06-05 19:25:29.466  INFO 12732 --- [main] o.s.m.s.b.SimpleBrokerMessageHandler     : Stopping...
2019-06-05 19:25:29.466  INFO 12732 --- [main] o.s.m.s.b.SimpleBrokerMessageHandler     : BrokerAvailabilityEvent[available=false, SimpleBrokerMessageHandler [DefaultSubscriptionRegistry[cache[0 destination(s)], registry[0 sessions]]]]
2019-06-05 19:25:29.467  INFO 12732 --- [main] o.s.m.s.b.SimpleBrokerMessageHandler     : Stopped.
2019-06-05 19:25:29.467  INFO 12732 --- [main] o.s.s.concurrent.ThreadPoolTaskExecutor  : Shutting down ExecutorService 'brokerChannelExecutor'
2019-06-05 19:25:29.467  INFO 12732 --- [main] o.s.s.c.ThreadPoolTaskScheduler          : Shutting down ExecutorService 'messageBrokerTaskScheduler'
2019-06-05 19:25:29.468  INFO 12732 --- [main] o.s.s.concurrent.ThreadPoolTaskExecutor  : Shutting down ExecutorService 'clientOutboundChannelExecutor'
2019-06-05 19:25:29.468  INFO 12732 --- [main] o.s.s.concurrent.ThreadPoolTaskExecutor  : Shutting down ExecutorService 'clientInboundChannelExecutor'
2019-06-05 19:27:07.792  INFO 2472 --- [main] at.hangman.hangman.HangmanApplication    : Starting HangmanApplication on LAPTOP-6GP041UI with PID 2472 (started by luweh in D:\FH Joanneum\IV. Semester\Dsitributed Internet Applications\HangmanTest\Hangman)
2019-06-05 19:27:07.794 DEBUG 2472 --- [main] at.hangman.hangman.HangmanApplication    : Running with Spring Boot v2.1.5.RELEASE, Spring v5.1.7.RELEASE
2019-06-05 19:27:07.794  INFO 2472 --- [main] at.hangman.hangman.HangmanApplication    : No active profile set, falling back to default profiles: default
2019-06-05 19:27:08.337  INFO 2472 --- [main] o.s.b.w.embedded.tomcat.TomcatWebServer  : Tomcat initialized with port(s): 8080 (http)
2019-06-05 19:27:08.354  INFO 2472 --- [main] o.apache.catalina.core.StandardService   : Starting service [Tomcat]
2019-06-05 19:27:08.355  INFO 2472 --- [main] org.apache.catalina.core.StandardEngine  : Starting Servlet engine: [Apache Tomcat/9.0.19]
2019-06-05 19:27:08.412  INFO 2472 --- [main] o.a.c.c.C.[Tomcat].[localhost].[/]       : Initializing Spring embedded WebApplicationContext
2019-06-05 19:27:08.477  INFO 2472 --- [main] o.s.s.concurrent.ThreadPoolTaskExecutor  : Initializing ExecutorService 'clientInboundChannelExecutor'
2019-06-05 19:27:08.479  INFO 2472 --- [main] o.s.s.concurrent.ThreadPoolTaskExecutor  : Initializing ExecutorService 'clientOutboundChannelExecutor'
2019-06-05 19:27:08.486  INFO 2472 --- [main] o.s.s.c.ThreadPoolTaskScheduler          : Initializing ExecutorService 'messageBrokerTaskScheduler'
2019-06-05 19:27:08.512  INFO 2472 --- [main] o.s.s.concurrent.ThreadPoolTaskExecutor  : Initializing ExecutorService 'brokerChannelExecutor'
2019-06-05 19:27:08.630  INFO 2472 --- [main] o.s.b.a.w.s.WelcomePageHandlerMapping    : Adding welcome page: class path resource [static/index.html]
2019-06-05 19:27:08.664  INFO 2472 --- [main] o.s.m.s.b.SimpleBrokerMessageHandler     : Starting...
2019-06-05 19:27:08.664  INFO 2472 --- [main] o.s.m.s.b.SimpleBrokerMessageHandler     : BrokerAvailabilityEvent[available=true, SimpleBrokerMessageHandler [DefaultSubscriptionRegistry[cache[0 destination(s)], registry[0 sessions]]]]
2019-06-05 19:27:08.664  INFO 2472 --- [main] o.s.m.s.b.SimpleBrokerMessageHandler     : Started.
2019-06-05 19:27:08.687  INFO 2472 --- [main] o.s.b.w.embedded.tomcat.TomcatWebServer  : Tomcat started on port(s): 8080 (http) with context path ''
2019-06-05 19:27:08.690  INFO 2472 --- [main] at.hangman.hangman.HangmanApplication    : Started HangmanApplication in 1.091 seconds (JVM running for 1.641)
2019-06-05 19:27:11.418  INFO 2472 --- [http-nio-8080-exec-1] o.a.c.c.C.[Tomcat].[localhost].[/]       : Initializing Spring DispatcherServlet 'dispatcherServlet'
2019-06-05 19:27:12.905  INFO 2472 --- [clientOutboundChannel-1] a.h.hangman.WebSocketEventListener       : Received a new web socket connection
2019-06-05 19:27:12.939 DEBUG 2472 --- [clientInboundChannel-7] at.hangman.hangman.HangmanController     : Request word information about 'word' from URI 'https://api.datamuse.com/words?sp=word&md=p&v=enwiki'
2019-06-05 19:27:13.809 DEBUG 2472 --- [clientInboundChannel-7] at.hangman.hangman.HangmanController     : Parsing JSON '[{"word":"microsoft word","score":3006,"tags":["prop"]},{"word":"inherently funny word","score":2456},{"word":"the l word","score":349,"tags":["prop"]},{"word":"word","score":216,"tags":["n"]},{"word":"japanese counter word","score":191,"tags":["prop"]},{"word":"procedure word","score":182},{"word":"spoken word","score":177,"tags":["n"]},{"word":"nonce word","score":141,"tags":["n"]},{"word":"time and a word","score":132},{"word":"weasel word","score":127,"tags":["n"]},{"word":"very long instruction word","score":113},{"word":"history of microsoft word","score":104},{"word":"university of the incarnate word","score":104},{"word":"magic word","score":103},{"word":"function word","score":101,"tags":["n"]},{"word":"interrogative word","score":101},{"word":"f word","score":23},{"word":"the word","score":11,"tags":["prop"]},{"word":"one word","score":10},{"word":"b word","score":8},{"word":"l word","score":8},{"word":"ms word","score":6},{"word":"\"n\" word","score":5},{"word":"ez word","score":5},{"word":"n word","score":4},{"word":"d word","score":2},{"word":"w word","score":2},{"word":"abi word","score":1,"tags":["prop"]},{"word":"key word","score":1,"tags":["n"]},{"word":"o word","score":1,"tags":["prop"]},{"word":"t word","score":1},{"word":"u word","score":1}]' to Object
2019-06-05 19:27:13.813  INFO 2472 --- [clientInboundChannel-7] at.hangman.hangman.HangmanController     : Player joined the game and opened a new room
2019-06-05 19:27:13.816 DEBUG 2472 --- [clientInboundChannel-7] at.hangman.hangman.HangmanController     : Currently 1 Room(s) with totally 1 Player(s)
